<?xml version="1.0" encoding="UTF-8" ?>
<testsuite failures="0" time="1.894" errors="0" skipped="0" tests="64" name="TestSuite">
  <properties>
    <property name="java.runtime.name" value="Java(TM) SE Runtime Environment"/>
    <property name="sun.boot.library.path" value="/usr/lib/jvm/java-6-sun-1.6.0.20/jre/lib/amd64"/>
    <property name="java.vm.version" value="16.3-b01"/>
    <property name="java.vm.vendor" value="Sun Microsystems Inc."/>
    <property name="java.vendor.url" value="http://java.sun.com/"/>
    <property name="path.separator" value=":"/>
    <property name="java.vm.name" value="Java HotSpot(TM) 64-Bit Server VM"/>
    <property name="file.encoding.pkg" value="sun.io"/>
    <property name="user.country" value="US"/>
    <property name="sun.java.launcher" value="SUN_STANDARD"/>
    <property name="sun.os.patch.level" value="unknown"/>
    <property name="java.vm.specification.name" value="Java Virtual Machine Specification"/>
    <property name="user.dir" value="/home/chris/jreact/core"/>
    <property name="java.runtime.version" value="1.6.0_20-b02"/>
    <property name="java.awt.graphicsenv" value="sun.awt.X11GraphicsEnvironment"/>
    <property name="basedir" value="/home/chris/jreact/core"/>
    <property name="java.endorsed.dirs" value="/usr/lib/jvm/java-6-sun-1.6.0.20/jre/lib/endorsed"/>
    <property name="os.arch" value="amd64"/>
    <property name="surefire.real.class.path" value="/tmp/surefirebooter7487860558747002883.jar"/>
    <property name="java.io.tmpdir" value="/tmp"/>
    <property name="line.separator" value="
"/>
    <property name="java.vm.specification.vendor" value="Sun Microsystems Inc."/>
    <property name="os.name" value="Linux"/>
    <property name="sun.jnu.encoding" value="UTF-8"/>
    <property name="java.library.path" value="/usr/lib/jvm/java-6-sun-1.6.0.20/jre/lib/amd64/server:/usr/lib/jvm/java-6-sun-1.6.0.20/jre/lib/amd64:/usr/lib/jvm/java-6-sun-1.6.0.20/jre/../lib/amd64:/usr/java/packages/lib/amd64:/usr/lib64:/lib64:/lib:/usr/lib"/>
    <property name="surefire.test.class.path" value="/home/chris/jreact/core/target/test-classes:/home/chris/jreact/core/target/classes:/home/chris/.m2/repository/org/functionaljava/fj/3.0/fj-3.0.jar:/home/chris/.m2/repository/org/testng/testng/5.12.1/testng-5.12.1.jar:/home/chris/.m2/repository/junit/junit/3.8.1/junit-3.8.1.jar:/home/chris/.m2/repository/org/mockito/mockito-core/1.8.5/mockito-core-1.8.5.jar:/home/chris/.m2/repository/org/hamcrest/hamcrest-core/1.1/hamcrest-core-1.1.jar:/home/chris/.m2/repository/org/objenesis/objenesis/1.0/objenesis-1.0.jar:"/>
    <property name="java.specification.name" value="Java Platform API Specification"/>
    <property name="java.class.version" value="50.0"/>
    <property name="sun.management.compiler" value="HotSpot 64-Bit Server Compiler"/>
    <property name="os.version" value="2.6.32-22-generic"/>
    <property name="user.home" value="/home/chris"/>
    <property name="user.timezone" value="America/New_York"/>
    <property name="java.awt.printerjob" value="sun.print.PSPrinterJob"/>
    <property name="file.encoding" value="UTF-8"/>
    <property name="java.specification.version" value="1.6"/>
    <property name="user.name" value="chris"/>
    <property name="java.class.path" value="/home/chris/jreact/core/target/test-classes:/home/chris/jreact/core/target/classes:/home/chris/.m2/repository/org/functionaljava/fj/3.0/fj-3.0.jar:/home/chris/.m2/repository/org/testng/testng/5.12.1/testng-5.12.1.jar:/home/chris/.m2/repository/junit/junit/3.8.1/junit-3.8.1.jar:/home/chris/.m2/repository/org/mockito/mockito-core/1.8.5/mockito-core-1.8.5.jar:/home/chris/.m2/repository/org/hamcrest/hamcrest-core/1.1/hamcrest-core-1.1.jar:/home/chris/.m2/repository/org/objenesis/objenesis/1.0/objenesis-1.0.jar:"/>
    <property name="java.vm.specification.version" value="1.0"/>
    <property name="sun.arch.data.model" value="64"/>
    <property name="java.home" value="/usr/lib/jvm/java-6-sun-1.6.0.20/jre"/>
    <property name="java.specification.vendor" value="Sun Microsystems Inc."/>
    <property name="user.language" value="en"/>
    <property name="java.vm.info" value="mixed mode"/>
    <property name="java.version" value="1.6.0_20"/>
    <property name="java.ext.dirs" value="/usr/lib/jvm/java-6-sun-1.6.0.20/jre/lib/ext:/usr/java/packages/lib/ext"/>
    <property name="sun.boot.class.path" value="/usr/lib/jvm/java-6-sun-1.6.0.20/jre/lib/resources.jar:/usr/lib/jvm/java-6-sun-1.6.0.20/jre/lib/rt.jar:/usr/lib/jvm/java-6-sun-1.6.0.20/jre/lib/sunrsasign.jar:/usr/lib/jvm/java-6-sun-1.6.0.20/jre/lib/jsse.jar:/usr/lib/jvm/java-6-sun-1.6.0.20/jre/lib/jce.jar:/usr/lib/jvm/java-6-sun-1.6.0.20/jre/lib/charsets.jar:/usr/lib/jvm/java-6-sun-1.6.0.20/jre/classes"/>
    <property name="java.vendor" value="Sun Microsystems Inc."/>
    <property name="localRepository" value="/home/chris/.m2/repository"/>
    <property name="file.separator" value="/"/>
    <property name="java.vendor.url.bug" value="http://java.sun.com/cgi-bin/bugreport.cgi"/>
    <property name="sun.cpu.endian" value="little"/>
    <property name="sun.io.unicode.encoding" value="UnicodeLittle"/>
    <property name="sun.desktop" value="gnome"/>
    <property name="sun.cpu.isalist" value=""/>
  </properties>
  <testcase time="0.029" classname="org.jreact.core.impl.ConstantEqualsObjectTest" name="equalsA"/>
  <testcase time="0" classname="org.jreact.core.impl.ConstantEqualsObjectTest" name="equalsConstantA"/>
  <testcase time="0.237" classname="org.jreact.core.impl.ConstantEqualsObjectTest" name="equalsMockValueA"/>
  <testcase time="0.002" classname="org.jreact.core.impl.ConstantEqualsObjectTest" name="equalsMockValueB"/>
  <testcase time="0" classname="org.jreact.core.impl.ConstantEqualsObjectTest" name="equalsNull"/>
  <testcase time="0" classname="org.jreact.core.impl.ConstantEqualsObjectTest" name="equalsSelf"/>
  <testcase time="0" classname="org.jreact.core.impl.ConstantEqualsValueTest" name="equalsConstantA"/>
  <testcase time="0.001" classname="org.jreact.core.impl.ConstantEqualsValueTest" name="equalsMockValueA"/>
  <testcase time="0.002" classname="org.jreact.core.impl.ConstantEqualsValueTest" name="equalsMockValueB"/>
  <testcase time="0" classname="org.jreact.core.impl.ConstantEqualsValueTest" name="equalsNull"/>
  <testcase time="0" classname="org.jreact.core.impl.ConstantEqualsValueTest" name="equalsSelf"/>
  <testcase time="0.002" classname="org.jreact.core.impl.ConstantGetTest" name="get"/>
  <testcase time="0.002" classname="org.jreact.core.impl.ConstantHashCodeTest" name="character"/>
  <testcase time="0" classname="org.jreact.core.impl.ConstantHashCodeTest" name="object"/>
  <testcase time="0.015" classname="org.jreact.core.impl.ConstantMapTest" name="beLazy"/>
  <testcase time="0.002" classname="org.jreact.core.impl.ConstantMapTest" name="callExactlyOnce"/>
  <testcase time="0" classname="org.jreact.core.impl.ConstantMapTest" name="callOnce"/>
  <testcase time="0.001" classname="org.jreact.core.impl.ConstantMapTest" name="get"/>
  <testcase time="0" classname="org.jreact.core.impl.VariableGetAndPutTest" name="get"/>
  <testcase time="0.001" classname="org.jreact.core.impl.VariableGetAndPutTest" name="setDifferentValue"/>
  <testcase time="0" classname="org.jreact.core.impl.VariableGetAndPutTest" name="setMultiple"/>
  <testcase time="0" classname="org.jreact.core.impl.VariableGetAndPutTest" name="setSameValue"/>
  <testcase time="0" classname="org.jreact.core.impl.VariableGetAndPutTest" name="setThenGet"/>
  <testcase time="0" classname="org.jreact.core.impl.VariableChangesTest" name="loop"/>
  <testcase time="0.001" classname="org.jreact.core.impl.VariableChangesTest" name="loopThenSet"/>
  <testcase time="0" classname="org.jreact.core.impl.VariableChangesTest" name="loopThenSetSame"/>
  <testcase time="0" classname="org.jreact.core.impl.VariableChangesTest" name="setThenLoop1"/>
  <testcase time="0.002" classname="org.jreact.core.impl.VariableChangesTest" name="setThenLoop2"/>
  <testcase time="0.001" classname="org.jreact.core.impl.VariableLoopTest" name="loop"/>
  <testcase time="0.009" classname="org.jreact.core.impl.VariableLoopTest" name="loopThenSet"/>
  <testcase time="0" classname="org.jreact.core.impl.VariableLoopTest" name="loopThenSetSame"/>
  <testcase time="0.001" classname="org.jreact.core.impl.VariableLoopTest" name="setThenLoop"/>
  <testcase time="0.002" classname="org.jreact.core.impl.VariableLimitTest" name="disposeLoop"/>
  <testcase time="0.002" classname="org.jreact.core.impl.VariableLimitTest" name="disposeLoopPut"/>
  <testcase time="0.003" classname="org.jreact.core.impl.VariableLimitTest" name="disposePutLoopPut"/>
  <testcase time="0.003" classname="org.jreact.core.impl.VariableLimitTest" name="loopDisposePut"/>
  <testcase time="0.003" classname="org.jreact.core.impl.VariableMapTest" name="putAbc"/>
  <testcase time="0.003" classname="org.jreact.core.impl.VariableMapTest" name="putDef"/>
  <testcase time="0.005" classname="org.jreact.core.impl.VariableMapTest" name="putDefXyzzy"/>
  <testcase time="0.001" classname="org.jreact.core.impl.VariableMapTest" name="putNothing"/>
  <testcase time="0.001" classname="org.jreact.core.impl.PipePutTest" name="loopThenPutA"/>
  <testcase time="0.001" classname="org.jreact.core.impl.PipePutTest" name="loopThenPutAAA"/>
  <testcase time="0.003" classname="org.jreact.core.impl.PipePutTest" name="loopThenPutABAA"/>
  <testcase time="0" classname="org.jreact.core.impl.PipePutTest" name="put"/>
  <testcase time="0.001" classname="org.jreact.core.impl.PipePutTest" name="putThenLoop"/>
  <testcase time="0.001" classname="org.jreact.core.impl.PipeDependentEffectsTest" name="dependentEffect1"/>
  <testcase time="0.001" classname="org.jreact.core.impl.PipeDependentEffectsTest" name="dependentEffect2"/>
  <testcase time="0.002" classname="org.jreact.core.impl.PipeDependentSinksTest" name="dependentValueSink1"/>
  <testcase time="0.001" classname="org.jreact.core.impl.PipeDependentSinksTest" name="dependentValueSink2"/>
  <testcase time="0.002" classname="org.jreact.core.impl.PipeLimitStreamTest" name="disposePut"/>
  <testcase time="0.001" classname="org.jreact.core.impl.PipeLimitStreamTest" name="putDisposePut"/>
  <testcase time="0.001" classname="org.jreact.core.impl.PipeLimitTimesTest" name="limit0TestDependents"/>
  <testcase time="0.001" classname="org.jreact.core.impl.PipeLimitTimesTest" name="limit0TestLooping"/>
  <testcase time="0" classname="org.jreact.core.impl.PipeLimitTimesTest" name="limit1TestDependents"/>
  <testcase time="0.002" classname="org.jreact.core.impl.PipeLimitTimesTest" name="limit1TestLooping"/>
  <testcase time="0" classname="org.jreact.core.impl.PipeLimitTimesTest" name="limit1TestThreeDependents"/>
  <testcase time="0.003" classname="org.jreact.core.impl.PipeLimitTimesTest" name="limit2TestLooping"/>
  <testcase time="0.001" classname="org.jreact.core.impl.RelayingPipeLimitedTimesTest" name="doesGetDisposed"/>
  <testcase time="0" classname="org.jreact.core.impl.RelayingPipeLimitedTimesTest" name="initiallyNotDisposed"/>
  <testcase time="0.001" classname="org.jreact.core.impl.RelayingPipeLimitedTimesTest" name="stillNotDisposed"/>
  <testcase time="0.003" classname="org.jreact.core.impl.PipeMapTest" name="putAbc"/>
  <testcase time="0.003" classname="org.jreact.core.impl.PipeMapTest" name="putAbcAbc"/>
  <testcase time="0.003" classname="org.jreact.core.impl.PipeMapTest" name="putAbcDef"/>
  <testcase time="0.003" classname="org.jreact.core.impl.PipeMapTest" name="putDefXyzzy"/>
</testsuite>